<?xml version="1.0" encoding="UTF-8"?>
<!-- Generated by org.testng.reporters.JUnitReportReporter -->
<testsuite hostname="DESKTOP-KC1SQ23" failures="0" tests="1" name="flipkartTestCases.testCases" time="20.324" errors="0" timestamp="23 May 2020 04:20:32 GMT" skipped="0">
  <testcase classname="flipkartTestCases.testCases" name="verifyPriceRange" time="20.324"/>
</testsuite> <!-- flipkartTestCases.testCases -->
